08:22:21.116 [main] DEBUG io.netty.util.internal.logging.InternalLoggerFactory - Using Log4J2 as the default logging framework
08:22:21.141 [main] DEBUG io.netty.util.ResourceLeakDetector - -Dio.netty.leakDetection.level: simple
08:22:21.142 [main] DEBUG io.netty.util.ResourceLeakDetector - -Dio.netty.leakDetection.targetRecords: 4
08:22:21.164 [main] DEBUG io.netty.util.ResourceLeakDetectorFactory - Loaded default ResourceLeakDetector: io.netty.util.ResourceLeakDetector@6ae42248
08:22:21.218 [main] DEBUG io.netty.util.internal.PlatformDependent0 - -Dio.netty.noUnsafe: false
08:22:21.219 [main] DEBUG io.netty.util.internal.PlatformDependent0 - Java version: 15
08:22:21.222 [main] DEBUG io.netty.util.internal.PlatformDependent0 - sun.misc.Unsafe.theUnsafe: available
08:22:21.223 [main] DEBUG io.netty.util.internal.PlatformDependent0 - sun.misc.Unsafe.copyMemory: available
08:22:21.225 [main] DEBUG io.netty.util.internal.PlatformDependent0 - java.nio.Buffer.address: available
08:22:21.226 [main] DEBUG io.netty.util.internal.PlatformDependent0 - direct buffer constructor: unavailable
java.lang.UnsupportedOperationException: Reflective setAccessible(true) disabled
	at io.netty.util.internal.ReflectionUtil.trySetAccessible(ReflectionUtil.java:31) ~[netty-common-4.1.70.Final.jar:4.1.70.Final]
	at io.netty.util.internal.PlatformDependent0$4.run(PlatformDependent0.java:253) ~[netty-common-4.1.70.Final.jar:4.1.70.Final]
	at java.security.AccessController.doPrivileged(AccessController.java:312) ~[?:?]
	at io.netty.util.internal.PlatformDependent0.<clinit>(PlatformDependent0.java:247) ~[netty-common-4.1.70.Final.jar:4.1.70.Final]
	at io.netty.util.internal.PlatformDependent.isAndroid(PlatformDependent.java:294) ~[netty-common-4.1.70.Final.jar:4.1.70.Final]
	at io.netty.util.internal.PlatformDependent.<clinit>(PlatformDependent.java:88) ~[netty-common-4.1.70.Final.jar:4.1.70.Final]
	at io.netty.util.HashedWheelTimer.<init>(HashedWheelTimer.java:114) ~[netty-common-4.1.70.Final.jar:4.1.70.Final]
	at io.netty.util.HashedWheelTimer.<init>(HashedWheelTimer.java:251) ~[netty-common-4.1.70.Final.jar:4.1.70.Final]
	at io.netty.util.HashedWheelTimer.<init>(HashedWheelTimer.java:224) ~[netty-common-4.1.70.Final.jar:4.1.70.Final]
	at io.netty.util.HashedWheelTimer.<init>(HashedWheelTimer.java:203) ~[netty-common-4.1.70.Final.jar:4.1.70.Final]
	at org.asynchttpclient.DefaultAsyncHttpClient.newNettyTimer(DefaultAsyncHttpClient.java:111) ~[async-http-client-2.12.3.jar:?]
	at org.asynchttpclient.DefaultAsyncHttpClient.<init>(DefaultAsyncHttpClient.java:90) ~[async-http-client-2.12.3.jar:?]
	at org.asynchttpclient.Dsl.asyncHttpClient(Dsl.java:32) ~[async-http-client-2.12.3.jar:?]
	at org.openqa.selenium.remote.http.netty.NettyClient.createHttpClient(NettyClient.java:105) ~[selenium-remote-driver-4.1.1.jar:?]
	at org.openqa.selenium.remote.http.netty.NettyClient.<clinit>(NettyClient.java:50) ~[selenium-remote-driver-4.1.1.jar:?]
	at org.openqa.selenium.remote.http.netty.NettyClient$Factory.createClient(NettyClient.java:146) ~[selenium-remote-driver-4.1.1.jar:?]
	at org.openqa.selenium.remote.HttpCommandExecutor.<init>(HttpCommandExecutor.java:107) ~[selenium-remote-driver-4.1.1.jar:?]
	at org.openqa.selenium.remote.HttpCommandExecutor.<init>(HttpCommandExecutor.java:94) ~[selenium-remote-driver-4.1.1.jar:?]
	at org.openqa.selenium.remote.HttpCommandExecutor.<init>(HttpCommandExecutor.java:85) ~[selenium-remote-driver-4.1.1.jar:?]
	at org.openqa.selenium.remote.service.DriverCommandExecutor.<init>(DriverCommandExecutor.java:80) ~[selenium-remote-driver-4.1.1.jar:?]
	at org.openqa.selenium.chromium.ChromiumDriverCommandExecutor.<init>(ChromiumDriverCommandExecutor.java:35) ~[selenium-chromium-driver-4.1.1.jar:?]
	at org.openqa.selenium.chrome.ChromeDriver$ChromeDriverCommandExecutor.<init>(ChromeDriver.java:111) ~[selenium-chrome-driver-4.1.1.jar:?]
	at org.openqa.selenium.chrome.ChromeDriver.<init>(ChromeDriver.java:104) ~[selenium-chrome-driver-4.1.1.jar:?]
	at org.openqa.selenium.chrome.ChromeDriver.<init>(ChromeDriver.java:91) ~[selenium-chrome-driver-4.1.1.jar:?]
	at org.openqa.selenium.chrome.ChromeDriver.<init>(ChromeDriver.java:46) ~[selenium-chrome-driver-4.1.1.jar:?]
	at testBase.BaseClass.setup(BaseClass.java:28) ~[test-classes/:?]
	at jdk.internal.reflect.NativeMethodAccessorImpl.invoke0(Native Method) ~[?:?]
	at jdk.internal.reflect.NativeMethodAccessorImpl.invoke(NativeMethodAccessorImpl.java:64) ~[?:?]
	at jdk.internal.reflect.DelegatingMethodAccessorImpl.invoke(DelegatingMethodAccessorImpl.java:43) ~[?:?]
	at java.lang.reflect.Method.invoke(Method.java:564) ~[?:?]
	at org.testng.internal.MethodInvocationHelper.invokeMethod(MethodInvocationHelper.java:133) ~[testng-7.4.0.jar:7.4.0]
	at org.testng.internal.MethodInvocationHelper.invokeMethodConsideringTimeout(MethodInvocationHelper.java:62) ~[testng-7.4.0.jar:7.4.0]
	at org.testng.internal.ConfigInvoker.invokeConfigurationMethod(ConfigInvoker.java:385) ~[testng-7.4.0.jar:7.4.0]
	at org.testng.internal.ConfigInvoker.invokeConfigurations(ConfigInvoker.java:321) ~[testng-7.4.0.jar:7.4.0]
	at org.testng.internal.TestMethodWorker.invokeBeforeClassMethods(TestMethodWorker.java:176) ~[testng-7.4.0.jar:7.4.0]
	at org.testng.internal.TestMethodWorker.run(TestMethodWorker.java:122) ~[testng-7.4.0.jar:7.4.0]
	at java.util.ArrayList.forEach(ArrayList.java:1511) [?:?]
	at org.testng.TestRunner.privateRun(TestRunner.java:794) [testng-7.4.0.jar:7.4.0]
	at org.testng.TestRunner.run(TestRunner.java:596) [testng-7.4.0.jar:7.4.0]
	at org.testng.SuiteRunner.runTest(SuiteRunner.java:377) [testng-7.4.0.jar:7.4.0]
	at org.testng.SuiteRunner.runSequentially(SuiteRunner.java:371) [testng-7.4.0.jar:7.4.0]
	at org.testng.SuiteRunner.privateRun(SuiteRunner.java:332) [testng-7.4.0.jar:7.4.0]
	at org.testng.SuiteRunner.run(SuiteRunner.java:276) [testng-7.4.0.jar:7.4.0]
	at org.testng.SuiteRunnerWorker.runSuite(SuiteRunnerWorker.java:53) [testng-7.4.0.jar:7.4.0]
	at org.testng.SuiteRunnerWorker.run(SuiteRunnerWorker.java:96) [testng-7.4.0.jar:7.4.0]
	at org.testng.TestNG.runSuitesSequentially(TestNG.java:1212) [testng-7.4.0.jar:7.4.0]
	at org.testng.TestNG.runSuitesLocally(TestNG.java:1134) [testng-7.4.0.jar:7.4.0]
	at org.testng.TestNG.runSuites(TestNG.java:1063) [testng-7.4.0.jar:7.4.0]
	at org.testng.TestNG.run(TestNG.java:1031) [testng-7.4.0.jar:7.4.0]
	at org.testng.remote.AbstractRemoteTestNG.run(AbstractRemoteTestNG.java:115) [testng-remote.jar:?]
	at org.testng.remote.RemoteTestNG.initAndRun(RemoteTestNG.java:251) [testng-remote.jar:?]
	at org.testng.remote.RemoteTestNG.main(RemoteTestNG.java:77) [testng-remote.jar:?]
08:22:21.242 [main] DEBUG io.netty.util.internal.PlatformDependent0 - java.nio.Bits.unaligned: available, true
08:22:21.244 [main] DEBUG io.netty.util.internal.PlatformDependent0 - jdk.internal.misc.Unsafe.allocateUninitializedArray(int): unavailable
java.lang.IllegalAccessException: class io.netty.util.internal.PlatformDependent0$6 cannot access class jdk.internal.misc.Unsafe (in module java.base) because module java.base does not export jdk.internal.misc to unnamed module @174d20a
	at jdk.internal.reflect.Reflection.newIllegalAccessException(Reflection.java:385) ~[?:?]
	at java.lang.reflect.AccessibleObject.checkAccess(AccessibleObject.java:693) ~[?:?]
	at java.lang.reflect.Method.invoke(Method.java:556) ~[?:?]
	at io.netty.util.internal.PlatformDependent0$6.run(PlatformDependent0.java:375) ~[netty-common-4.1.70.Final.jar:4.1.70.Final]
	at java.security.AccessController.doPrivileged(AccessController.java:312) ~[?:?]
	at io.netty.util.internal.PlatformDependent0.<clinit>(PlatformDependent0.java:366) ~[netty-common-4.1.70.Final.jar:4.1.70.Final]
	at io.netty.util.internal.PlatformDependent.isAndroid(PlatformDependent.java:294) ~[netty-common-4.1.70.Final.jar:4.1.70.Final]
	at io.netty.util.internal.PlatformDependent.<clinit>(PlatformDependent.java:88) ~[netty-common-4.1.70.Final.jar:4.1.70.Final]
	at io.netty.util.HashedWheelTimer.<init>(HashedWheelTimer.java:114) ~[netty-common-4.1.70.Final.jar:4.1.70.Final]
	at io.netty.util.HashedWheelTimer.<init>(HashedWheelTimer.java:251) ~[netty-common-4.1.70.Final.jar:4.1.70.Final]
	at io.netty.util.HashedWheelTimer.<init>(HashedWheelTimer.java:224) ~[netty-common-4.1.70.Final.jar:4.1.70.Final]
	at io.netty.util.HashedWheelTimer.<init>(HashedWheelTimer.java:203) ~[netty-common-4.1.70.Final.jar:4.1.70.Final]
	at org.asynchttpclient.DefaultAsyncHttpClient.newNettyTimer(DefaultAsyncHttpClient.java:111) ~[async-http-client-2.12.3.jar:?]
	at org.asynchttpclient.DefaultAsyncHttpClient.<init>(DefaultAsyncHttpClient.java:90) ~[async-http-client-2.12.3.jar:?]
	at org.asynchttpclient.Dsl.asyncHttpClient(Dsl.java:32) ~[async-http-client-2.12.3.jar:?]
	at org.openqa.selenium.remote.http.netty.NettyClient.createHttpClient(NettyClient.java:105) ~[selenium-remote-driver-4.1.1.jar:?]
	at org.openqa.selenium.remote.http.netty.NettyClient.<clinit>(NettyClient.java:50) ~[selenium-remote-driver-4.1.1.jar:?]
	at org.openqa.selenium.remote.http.netty.NettyClient$Factory.createClient(NettyClient.java:146) ~[selenium-remote-driver-4.1.1.jar:?]
	at org.openqa.selenium.remote.HttpCommandExecutor.<init>(HttpCommandExecutor.java:107) ~[selenium-remote-driver-4.1.1.jar:?]
	at org.openqa.selenium.remote.HttpCommandExecutor.<init>(HttpCommandExecutor.java:94) ~[selenium-remote-driver-4.1.1.jar:?]
	at org.openqa.selenium.remote.HttpCommandExecutor.<init>(HttpCommandExecutor.java:85) ~[selenium-remote-driver-4.1.1.jar:?]
	at org.openqa.selenium.remote.service.DriverCommandExecutor.<init>(DriverCommandExecutor.java:80) ~[selenium-remote-driver-4.1.1.jar:?]
	at org.openqa.selenium.chromium.ChromiumDriverCommandExecutor.<init>(ChromiumDriverCommandExecutor.java:35) ~[selenium-chromium-driver-4.1.1.jar:?]
	at org.openqa.selenium.chrome.ChromeDriver$ChromeDriverCommandExecutor.<init>(ChromeDriver.java:111) ~[selenium-chrome-driver-4.1.1.jar:?]
	at org.openqa.selenium.chrome.ChromeDriver.<init>(ChromeDriver.java:104) ~[selenium-chrome-driver-4.1.1.jar:?]
	at org.openqa.selenium.chrome.ChromeDriver.<init>(ChromeDriver.java:91) ~[selenium-chrome-driver-4.1.1.jar:?]
	at org.openqa.selenium.chrome.ChromeDriver.<init>(ChromeDriver.java:46) ~[selenium-chrome-driver-4.1.1.jar:?]
	at testBase.BaseClass.setup(BaseClass.java:28) ~[test-classes/:?]
	at jdk.internal.reflect.NativeMethodAccessorImpl.invoke0(Native Method) ~[?:?]
	at jdk.internal.reflect.NativeMethodAccessorImpl.invoke(NativeMethodAccessorImpl.java:64) ~[?:?]
	at jdk.internal.reflect.DelegatingMethodAccessorImpl.invoke(DelegatingMethodAccessorImpl.java:43) ~[?:?]
	at java.lang.reflect.Method.invoke(Method.java:564) ~[?:?]
	at org.testng.internal.MethodInvocationHelper.invokeMethod(MethodInvocationHelper.java:133) ~[testng-7.4.0.jar:7.4.0]
	at org.testng.internal.MethodInvocationHelper.invokeMethodConsideringTimeout(MethodInvocationHelper.java:62) ~[testng-7.4.0.jar:7.4.0]
	at org.testng.internal.ConfigInvoker.invokeConfigurationMethod(ConfigInvoker.java:385) ~[testng-7.4.0.jar:7.4.0]
	at org.testng.internal.ConfigInvoker.invokeConfigurations(ConfigInvoker.java:321) ~[testng-7.4.0.jar:7.4.0]
	at org.testng.internal.TestMethodWorker.invokeBeforeClassMethods(TestMethodWorker.java:176) ~[testng-7.4.0.jar:7.4.0]
	at org.testng.internal.TestMethodWorker.run(TestMethodWorker.java:122) ~[testng-7.4.0.jar:7.4.0]
	at java.util.ArrayList.forEach(ArrayList.java:1511) [?:?]
	at org.testng.TestRunner.privateRun(TestRunner.java:794) [testng-7.4.0.jar:7.4.0]
	at org.testng.TestRunner.run(TestRunner.java:596) [testng-7.4.0.jar:7.4.0]
	at org.testng.SuiteRunner.runTest(SuiteRunner.java:377) [testng-7.4.0.jar:7.4.0]
	at org.testng.SuiteRunner.runSequentially(SuiteRunner.java:371) [testng-7.4.0.jar:7.4.0]
	at org.testng.SuiteRunner.privateRun(SuiteRunner.java:332) [testng-7.4.0.jar:7.4.0]
	at org.testng.SuiteRunner.run(SuiteRunner.java:276) [testng-7.4.0.jar:7.4.0]
	at org.testng.SuiteRunnerWorker.runSuite(SuiteRunnerWorker.java:53) [testng-7.4.0.jar:7.4.0]
	at org.testng.SuiteRunnerWorker.run(SuiteRunnerWorker.java:96) [testng-7.4.0.jar:7.4.0]
	at org.testng.TestNG.runSuitesSequentially(TestNG.java:1212) [testng-7.4.0.jar:7.4.0]
	at org.testng.TestNG.runSuitesLocally(TestNG.java:1134) [testng-7.4.0.jar:7.4.0]
	at org.testng.TestNG.runSuites(TestNG.java:1063) [testng-7.4.0.jar:7.4.0]
	at org.testng.TestNG.run(TestNG.java:1031) [testng-7.4.0.jar:7.4.0]
	at org.testng.remote.AbstractRemoteTestNG.run(AbstractRemoteTestNG.java:115) [testng-remote.jar:?]
	at org.testng.remote.RemoteTestNG.initAndRun(RemoteTestNG.java:251) [testng-remote.jar:?]
	at org.testng.remote.RemoteTestNG.main(RemoteTestNG.java:77) [testng-remote.jar:?]
08:22:21.247 [main] DEBUG io.netty.util.internal.PlatformDependent0 - java.nio.DirectByteBuffer.<init>(long, int): unavailable
08:22:21.247 [main] DEBUG io.netty.util.internal.PlatformDependent - sun.misc.Unsafe: available
08:22:21.248 [main] DEBUG io.netty.util.internal.PlatformDependent - maxDirectMemory: 4238344192 bytes (maybe)
08:22:21.248 [main] DEBUG io.netty.util.internal.PlatformDependent - -Dio.netty.tmpdir: C:\Users\sanky\AppData\Local\Temp (java.io.tmpdir)
08:22:21.248 [main] DEBUG io.netty.util.internal.PlatformDependent - -Dio.netty.bitMode: 64 (sun.arch.data.model)
08:22:21.249 [main] DEBUG io.netty.util.internal.PlatformDependent - Platform: Windows
08:22:21.250 [main] DEBUG io.netty.util.internal.PlatformDependent - -Dio.netty.maxDirectMemory: -1 bytes
08:22:21.252 [main] DEBUG io.netty.util.internal.PlatformDependent - -Dio.netty.uninitializedArrayAllocationThreshold: -1
08:22:21.256 [main] DEBUG io.netty.util.internal.CleanerJava9 - java.nio.ByteBuffer.cleaner(): available
08:22:21.257 [main] DEBUG io.netty.util.internal.PlatformDependent - -Dio.netty.noPreferDirect: false
08:22:21.277 [main] DEBUG io.netty.util.internal.PlatformDependent - org.jctools-core.MpscChunkedArrayQueue: available
08:22:21.330 [main] DEBUG io.netty.util.internal.InternalThreadLocalMap - -Dio.netty.threadLocalMap.stringBuilder.initialSize: 1024
08:22:21.330 [main] DEBUG io.netty.util.internal.InternalThreadLocalMap - -Dio.netty.threadLocalMap.stringBuilder.maxSize: 4096
08:22:21.436 [main] DEBUG io.netty.handler.ssl.JdkSslContext - Default protocols (JDK): [TLSv1.3, TLSv1.2, TLSv1.1, TLSv1] 
08:22:21.436 [main] DEBUG io.netty.handler.ssl.JdkSslContext - Default cipher suites (JDK): [TLS_ECDHE_ECDSA_WITH_AES_256_GCM_SHA384, TLS_ECDHE_ECDSA_WITH_AES_128_GCM_SHA256, TLS_ECDHE_RSA_WITH_AES_128_GCM_SHA256, TLS_ECDHE_RSA_WITH_AES_256_GCM_SHA384, TLS_ECDHE_RSA_WITH_AES_128_CBC_SHA, TLS_ECDHE_RSA_WITH_AES_256_CBC_SHA, TLS_RSA_WITH_AES_128_GCM_SHA256, TLS_RSA_WITH_AES_128_CBC_SHA, TLS_RSA_WITH_AES_256_CBC_SHA, TLS_AES_128_GCM_SHA256, TLS_AES_256_GCM_SHA384]
08:22:21.501 [main] DEBUG io.netty.channel.MultithreadEventLoopGroup - -Dio.netty.eventLoopThreads: 16
08:22:21.528 [main] DEBUG io.netty.channel.nio.NioEventLoop - -Dio.netty.noKeySetOptimization: false
08:22:21.529 [main] DEBUG io.netty.channel.nio.NioEventLoop - -Dio.netty.selectorAutoRebuildThreshold: 512
08:22:21.554 [main] TRACE io.netty.channel.nio.NioEventLoop - instrumented a special java.util.Set into: sun.nio.ch.WindowsSelectorImpl@4ec616d6
08:22:21.558 [main] TRACE io.netty.channel.nio.NioEventLoop - instrumented a special java.util.Set into: sun.nio.ch.WindowsSelectorImpl@4c418496
08:22:21.561 [main] TRACE io.netty.channel.nio.NioEventLoop - instrumented a special java.util.Set into: sun.nio.ch.WindowsSelectorImpl@12d35bc9
08:22:21.563 [main] TRACE io.netty.channel.nio.NioEventLoop - instrumented a special java.util.Set into: sun.nio.ch.WindowsSelectorImpl@1df32c09
08:22:21.565 [main] TRACE io.netty.channel.nio.NioEventLoop - instrumented a special java.util.Set into: sun.nio.ch.WindowsSelectorImpl@1aa31454
08:22:21.567 [main] TRACE io.netty.channel.nio.NioEventLoop - instrumented a special java.util.Set into: sun.nio.ch.WindowsSelectorImpl@5a8656a2
08:22:21.569 [main] TRACE io.netty.channel.nio.NioEventLoop - instrumented a special java.util.Set into: sun.nio.ch.WindowsSelectorImpl@52035328
08:22:21.570 [main] TRACE io.netty.channel.nio.NioEventLoop - instrumented a special java.util.Set into: sun.nio.ch.WindowsSelectorImpl@5614ae05
08:22:21.572 [main] TRACE io.netty.channel.nio.NioEventLoop - instrumented a special java.util.Set into: sun.nio.ch.WindowsSelectorImpl@54970127
08:22:21.574 [main] TRACE io.netty.channel.nio.NioEventLoop - instrumented a special java.util.Set into: sun.nio.ch.WindowsSelectorImpl@3c4c7e51
08:22:21.578 [main] TRACE io.netty.channel.nio.NioEventLoop - instrumented a special java.util.Set into: sun.nio.ch.WindowsSelectorImpl@749ee0e3
08:22:21.579 [main] TRACE io.netty.channel.nio.NioEventLoop - instrumented a special java.util.Set into: sun.nio.ch.WindowsSelectorImpl@7891cf3
08:22:21.581 [main] TRACE io.netty.channel.nio.NioEventLoop - instrumented a special java.util.Set into: sun.nio.ch.WindowsSelectorImpl@6bfbab1c
08:22:21.583 [main] TRACE io.netty.channel.nio.NioEventLoop - instrumented a special java.util.Set into: sun.nio.ch.WindowsSelectorImpl@349aeec4
08:22:21.585 [main] TRACE io.netty.channel.nio.NioEventLoop - instrumented a special java.util.Set into: sun.nio.ch.WindowsSelectorImpl@3700994c
08:22:21.587 [main] TRACE io.netty.channel.nio.NioEventLoop - instrumented a special java.util.Set into: sun.nio.ch.WindowsSelectorImpl@78a165db
08:22:21.664 [main] DEBUG io.netty.buffer.PooledByteBufAllocator - -Dio.netty.allocator.numHeapArenas: 16
08:22:21.665 [main] DEBUG io.netty.buffer.PooledByteBufAllocator - -Dio.netty.allocator.numDirectArenas: 16
08:22:21.665 [main] DEBUG io.netty.buffer.PooledByteBufAllocator - -Dio.netty.allocator.pageSize: 8192
08:22:21.665 [main] DEBUG io.netty.buffer.PooledByteBufAllocator - -Dio.netty.allocator.maxOrder: 11
08:22:21.665 [main] DEBUG io.netty.buffer.PooledByteBufAllocator - -Dio.netty.allocator.chunkSize: 16777216
08:22:21.665 [main] DEBUG io.netty.buffer.PooledByteBufAllocator - -Dio.netty.allocator.smallCacheSize: 256
08:22:21.665 [main] DEBUG io.netty.buffer.PooledByteBufAllocator - -Dio.netty.allocator.normalCacheSize: 64
08:22:21.665 [main] DEBUG io.netty.buffer.PooledByteBufAllocator - -Dio.netty.allocator.maxCachedBufferCapacity: 32768
08:22:21.665 [main] DEBUG io.netty.buffer.PooledByteBufAllocator - -Dio.netty.allocator.cacheTrimInterval: 8192
08:22:21.665 [main] DEBUG io.netty.buffer.PooledByteBufAllocator - -Dio.netty.allocator.cacheTrimIntervalMillis: 0
08:22:21.665 [main] DEBUG io.netty.buffer.PooledByteBufAllocator - -Dio.netty.allocator.useCacheForAllThreads: true
08:22:21.666 [main] DEBUG io.netty.buffer.PooledByteBufAllocator - -Dio.netty.allocator.maxCachedByteBuffersPerChunk: 1023
08:22:21.701 [main] DEBUG io.netty.buffer.ByteBufUtil - -Dio.netty.allocator.type: pooled
08:22:21.701 [main] DEBUG io.netty.buffer.ByteBufUtil - -Dio.netty.threadLocalDirectBufferSize: 0
08:22:21.702 [main] DEBUG io.netty.buffer.ByteBufUtil - -Dio.netty.maxThreadLocalCharBufferSize: 16384
08:22:22.617 [Forwarding newSession on session null to remote] DEBUG io.netty.channel.DefaultChannelId - -Dio.netty.processId: 41940 (auto-detected)
08:22:22.621 [Forwarding newSession on session null to remote] DEBUG io.netty.util.NetUtil - -Djava.net.preferIPv4Stack: false
08:22:22.621 [Forwarding newSession on session null to remote] DEBUG io.netty.util.NetUtil - -Djava.net.preferIPv6Addresses: false
08:22:22.637 [Forwarding newSession on session null to remote] DEBUG io.netty.util.NetUtilInitializations - Loopback interface: lo (Software Loopback Interface 1, 127.0.0.1)
08:22:22.638 [Forwarding newSession on session null to remote] DEBUG io.netty.util.NetUtil - Failed to get SOMAXCONN from sysctl and file \proc\sys\net\core\somaxconn. Default: 200
08:22:22.675 [Forwarding newSession on session null to remote] DEBUG io.netty.channel.DefaultChannelId - -Dio.netty.machineId: 94:e7:0b:ff:fe:8e:9f:22 (auto-detected)
08:22:22.745 [AsyncHttpClient-1-2] DEBUG io.netty.buffer.AbstractByteBuf - -Dio.netty.buffer.checkAccessible: true
08:22:22.746 [AsyncHttpClient-1-2] DEBUG io.netty.buffer.AbstractByteBuf - -Dio.netty.buffer.checkBounds: true
08:22:22.746 [AsyncHttpClient-1-2] DEBUG io.netty.util.ResourceLeakDetectorFactory - Loaded default ResourceLeakDetector: io.netty.util.ResourceLeakDetector@1cbd99c
08:22:22.777 [AsyncHttpClient-1-2] DEBUG io.netty.util.Recycler - -Dio.netty.recycler.maxCapacityPerThread: 4096
08:22:22.777 [AsyncHttpClient-1-2] DEBUG io.netty.util.Recycler - -Dio.netty.recycler.maxSharedCapacityFactor: 2
08:22:22.777 [AsyncHttpClient-1-2] DEBUG io.netty.util.Recycler - -Dio.netty.recycler.linkCapacity: 16
08:22:22.777 [AsyncHttpClient-1-2] DEBUG io.netty.util.Recycler - -Dio.netty.recycler.ratio: 8
08:22:22.777 [AsyncHttpClient-1-2] DEBUG io.netty.util.Recycler - -Dio.netty.recycler.delayedQueue.ratio: 8
08:22:23.628 [AsyncHttpClient-1-2] DEBUG io.netty.handler.codec.compression.Brotli - brotli4j not in the classpath; Brotli support will be unavailable.
08:22:23.845 [main] DEBUG io.netty.util.internal.ThreadLocalRandom - -Dio.netty.initialSeedUniquifier: 0x8dab0521ac3e79a2
08:22:23.979 [main] INFO  testCases.TC_001_AccountRegistration -  Starting TC_001_AccountRegistration 
08:22:25.125 [main] INFO  testCases.TC_001_AccountRegistration - Home Page Displayed 
08:22:25.813 [main] INFO  testCases.TC_001_AccountRegistration - Clicked on My Account 
08:22:26.482 [main] INFO  testCases.TC_001_AccountRegistration - Clicked on Register 
08:22:26.619 [main] INFO  testCases.TC_001_AccountRegistration - Provided First Name 
08:22:26.727 [main] INFO  testCases.TC_001_AccountRegistration - Provided Last Name 
08:22:26.824 [main] INFO  testCases.TC_001_AccountRegistration - Provided Email 
08:22:26.942 [main] INFO  testCases.TC_001_AccountRegistration - Provided Telephone 
08:22:27.064 [main] INFO  testCases.TC_001_AccountRegistration - Provided Password 
08:22:27.147 [main] INFO  testCases.TC_001_AccountRegistration - Provided Confrmed Password 
08:22:27.214 [main] INFO  testCases.TC_001_AccountRegistration - Set Privacy Policy 
08:22:28.265 [main] INFO  testCases.TC_001_AccountRegistration - Clicked on Continue 
08:22:28.341 [main] INFO  testCases.TC_001_AccountRegistration - Account Registration Success 
08:22:28.353 [main] INFO  testCases.TC_001_AccountRegistration -  Finished TC_001_AccountRegistration 
08:22:28.378 [AsyncHttpClient-1-4] TRACE io.netty.handler.codec.http.websocketx.WebSocket08FrameEncoder - Encoding WebSocket Frame opCode=8 length=26
08:24:23.001 [main] INFO  testCases.TC_001_AccountRegistration -  Starting TC_001_AccountRegistration 
08:24:23.896 [main] INFO  testCases.TC_001_AccountRegistration - Home Page Displayed 
08:24:24.630 [main] INFO  testCases.TC_001_AccountRegistration - Clicked on My Account 
08:24:25.267 [main] INFO  testCases.TC_001_AccountRegistration - Clicked on Register 
08:24:25.353 [main] INFO  testCases.TC_001_AccountRegistration - Provided First Name 
08:24:25.439 [main] INFO  testCases.TC_001_AccountRegistration - Provided Last Name 
08:24:25.522 [main] INFO  testCases.TC_001_AccountRegistration - Provided Email 
08:24:25.593 [main] INFO  testCases.TC_001_AccountRegistration - Provided Telephone 
08:24:25.670 [main] INFO  testCases.TC_001_AccountRegistration - Provided Password 
08:24:25.739 [main] INFO  testCases.TC_001_AccountRegistration - Provided Confrmed Password 
08:24:25.798 [main] INFO  testCases.TC_001_AccountRegistration - Set Privacy Policy 
08:24:27.049 [main] INFO  testCases.TC_001_AccountRegistration - Clicked on Continue 
08:24:27.105 [main] INFO  testCases.TC_001_AccountRegistration - Account Registration Success 
08:24:27.108 [main] INFO  testCases.TC_001_AccountRegistration -  Finished TC_001_AccountRegistration 
11:50:49.012 [main] INFO  testCases.TC_001_AccountRegistration -  Starting TC_001_AccountRegistration 
11:50:50.145 [main] INFO  testCases.TC_001_AccountRegistration - Home Page Displayed 
11:50:51.216 [main] INFO  testCases.TC_001_AccountRegistration - Clicked on My Account 
11:50:51.844 [main] INFO  testCases.TC_001_AccountRegistration - Clicked on Register 
11:50:51.994 [main] INFO  testCases.TC_001_AccountRegistration - Provided First Name 
11:50:52.095 [main] INFO  testCases.TC_001_AccountRegistration - Provided Last Name 
11:50:52.191 [main] INFO  testCases.TC_001_AccountRegistration - Provided Email 
11:50:52.299 [main] INFO  testCases.TC_001_AccountRegistration - Provided Telephone 
11:50:52.400 [main] INFO  testCases.TC_001_AccountRegistration - Provided Password 
11:50:52.492 [main] INFO  testCases.TC_001_AccountRegistration - Provided Confrmed Password 
11:50:52.580 [main] INFO  testCases.TC_001_AccountRegistration - Set Privacy Policy 
11:50:53.764 [main] INFO  testCases.TC_001_AccountRegistration - Clicked on Continue 
11:50:53.840 [main] INFO  testCases.TC_001_AccountRegistration - Account Registration Success 
11:50:53.844 [main] INFO  testCases.TC_001_AccountRegistration -  Finished TC_001_AccountRegistration 
12:03:54.048 [main] INFO  testCases.TC_001_AccountRegistration -  Starting TC_001_AccountRegistration 
12:03:55.402 [main] INFO  testCases.TC_001_AccountRegistration - Home Page Displayed 
12:03:55.965 [main] INFO  testCases.TC_001_AccountRegistration - Clicked on My Account 
12:03:56.536 [main] INFO  testCases.TC_001_AccountRegistration - Clicked on Register 
12:03:56.674 [main] INFO  testCases.TC_001_AccountRegistration - Provided First Name 
12:03:56.774 [main] INFO  testCases.TC_001_AccountRegistration - Provided Last Name 
12:03:56.885 [main] INFO  testCases.TC_001_AccountRegistration - Provided Email 
12:03:56.996 [main] INFO  testCases.TC_001_AccountRegistration - Provided Telephone 
12:03:57.103 [main] INFO  testCases.TC_001_AccountRegistration - Provided Password 
12:03:57.212 [main] INFO  testCases.TC_001_AccountRegistration - Provided Confrmed Password 
12:03:57.302 [main] INFO  testCases.TC_001_AccountRegistration - Set Privacy Policy 
12:03:58.227 [main] INFO  testCases.TC_001_AccountRegistration - Clicked on Continue 
12:03:58.285 [main] INFO  testCases.TC_001_AccountRegistration - Account Registration Success 
12:03:58.288 [main] INFO  testCases.TC_001_AccountRegistration -  Finished TC_001_AccountRegistration 
12:04:28.929 [main] INFO  testCases.TC_001_AccountRegistration -  Starting TC_001_AccountRegistration 
12:04:30.142 [main] INFO  testCases.TC_001_AccountRegistration - Home Page Displayed 
12:04:30.449 [main] INFO  testCases.TC_001_AccountRegistration - Clicked on My Account 
12:04:30.977 [main] INFO  testCases.TC_001_AccountRegistration - Clicked on Register 
12:04:31.020 [main] INFO  testCases.TC_001_AccountRegistration - Provided First Name 
12:04:31.050 [main] INFO  testCases.TC_001_AccountRegistration - Provided Last Name 
12:04:31.088 [main] INFO  testCases.TC_001_AccountRegistration - Provided Email 
12:04:31.120 [main] INFO  testCases.TC_001_AccountRegistration - Provided Telephone 
12:04:31.150 [main] INFO  testCases.TC_001_AccountRegistration - Provided Password 
12:04:31.180 [main] INFO  testCases.TC_001_AccountRegistration - Provided Confrmed Password 
12:04:31.407 [main] INFO  testCases.TC_001_AccountRegistration - Set Privacy Policy 
12:04:32.528 [main] INFO  testCases.TC_001_AccountRegistration - Clicked on Continue 
12:04:32.560 [main] INFO  testCases.TC_001_AccountRegistration - Account Registration Success 
12:04:32.566 [main] INFO  testCases.TC_001_AccountRegistration -  Finished TC_001_AccountRegistration 
12:05:02.228 [main] INFO  testCases.TC_001_AccountRegistration -  Starting TC_001_AccountRegistration 
12:05:03.276 [main] INFO  testCases.TC_001_AccountRegistration - Home Page Displayed 
12:05:04.134 [main] INFO  testCases.TC_001_AccountRegistration - Clicked on My Account 
12:05:04.728 [main] INFO  testCases.TC_001_AccountRegistration - Clicked on Register 
12:05:04.881 [main] INFO  testCases.TC_001_AccountRegistration - Provided First Name 
12:05:04.978 [main] INFO  testCases.TC_001_AccountRegistration - Provided Last Name 
12:05:05.062 [main] INFO  testCases.TC_001_AccountRegistration - Provided Email 
12:05:05.131 [main] INFO  testCases.TC_001_AccountRegistration - Provided Telephone 
12:05:05.233 [main] INFO  testCases.TC_001_AccountRegistration - Provided Password 
12:05:05.347 [main] INFO  testCases.TC_001_AccountRegistration - Provided Confrmed Password 
12:05:05.417 [main] INFO  testCases.TC_001_AccountRegistration - Set Privacy Policy 
12:05:06.535 [main] INFO  testCases.TC_001_AccountRegistration - Clicked on Continue 
12:05:06.609 [main] INFO  testCases.TC_001_AccountRegistration - Account Registration Success 
12:05:06.612 [main] INFO  testCases.TC_001_AccountRegistration -  Finished TC_001_AccountRegistration 
15:36:45.629 [TestNG-tests-1] INFO  testCases.TC_001_AccountRegistration -  Starting TC_001_AccountRegistration 
15:36:45.629 [TestNG-tests-2] INFO  testCases.TC_001_AccountRegistration -  Starting TC_001_AccountRegistration 
15:36:52.098 [TestNG-tests-1] INFO  testCases.TC_001_AccountRegistration - Home Page Displayed 
15:36:52.335 [TestNG-tests-2] INFO  testCases.TC_001_AccountRegistration - Home Page Displayed 
15:36:52.946 [TestNG-tests-2] INFO  testCases.TC_001_AccountRegistration - Clicked on My Account 
15:36:53.181 [TestNG-tests-1] INFO  testCases.TC_001_AccountRegistration - Clicked on My Account 
15:36:53.789 [TestNG-tests-2] INFO  testCases.TC_001_AccountRegistration - Clicked on Register 
15:36:53.821 [TestNG-tests-1] INFO  testCases.TC_001_AccountRegistration - Clicked on Register 
15:36:53.901 [TestNG-tests-2] INFO  testCases.TC_001_AccountRegistration - Provided First Name 
15:36:53.931 [TestNG-tests-1] INFO  testCases.TC_001_AccountRegistration - Provided First Name 
15:36:54.010 [TestNG-tests-2] INFO  testCases.TC_001_AccountRegistration - Provided Last Name 
15:36:54.037 [TestNG-tests-1] INFO  testCases.TC_001_AccountRegistration - Provided Last Name 
15:36:54.128 [TestNG-tests-2] INFO  testCases.TC_001_AccountRegistration - Provided Email 
15:36:54.168 [TestNG-tests-1] INFO  testCases.TC_001_AccountRegistration - Provided Email 
15:36:54.233 [TestNG-tests-2] INFO  testCases.TC_001_AccountRegistration - Provided Telephone 
15:36:54.281 [TestNG-tests-1] INFO  testCases.TC_001_AccountRegistration - Provided Telephone 
15:36:54.336 [TestNG-tests-2] INFO  testCases.TC_001_AccountRegistration - Provided Password 
15:36:54.392 [TestNG-tests-1] INFO  testCases.TC_001_AccountRegistration - Provided Password 
15:36:54.432 [TestNG-tests-2] INFO  testCases.TC_001_AccountRegistration - Provided Confrmed Password 
15:36:54.491 [TestNG-tests-1] INFO  testCases.TC_001_AccountRegistration - Provided Confrmed Password 
15:36:54.507 [TestNG-tests-2] INFO  testCases.TC_001_AccountRegistration - Set Privacy Policy 
15:36:54.573 [TestNG-tests-1] INFO  testCases.TC_001_AccountRegistration - Set Privacy Policy 
15:36:55.405 [TestNG-tests-2] INFO  testCases.TC_001_AccountRegistration - Clicked on Continue 
15:36:55.461 [TestNG-tests-2] INFO  testCases.TC_001_AccountRegistration - Account Registration Success 
15:36:55.464 [TestNG-tests-2] INFO  testCases.TC_001_AccountRegistration -  Finished TC_001_AccountRegistration 
15:36:55.471 [TestNG-tests-1] INFO  testCases.TC_001_AccountRegistration - Clicked on Continue 
15:36:55.542 [TestNG-tests-1] INFO  testCases.TC_001_AccountRegistration - Account Registration Success 
15:36:55.542 [TestNG-tests-1] INFO  testCases.TC_001_AccountRegistration -  Finished TC_001_AccountRegistration 
15:37:02.147 [TestNG-tests-1] INFO  testCases.TC_001_AccountRegistration -  Starting TC_001_AccountRegistration 
15:37:03.392 [TestNG-tests-1] INFO  testCases.TC_001_AccountRegistration - Home Page Displayed 
15:37:03.687 [TestNG-tests-1] INFO  testCases.TC_001_AccountRegistration - Clicked on My Account 
15:37:04.302 [TestNG-tests-1] INFO  testCases.TC_001_AccountRegistration - Clicked on Register 
15:37:04.410 [TestNG-tests-1] INFO  testCases.TC_001_AccountRegistration - Provided First Name 
15:37:04.453 [TestNG-tests-1] INFO  testCases.TC_001_AccountRegistration - Provided Last Name 
15:37:04.517 [TestNG-tests-1] INFO  testCases.TC_001_AccountRegistration - Provided Email 
15:37:04.568 [TestNG-tests-1] INFO  testCases.TC_001_AccountRegistration - Provided Telephone 
15:37:04.615 [TestNG-tests-1] INFO  testCases.TC_001_AccountRegistration - Provided Password 
15:37:04.665 [TestNG-tests-1] INFO  testCases.TC_001_AccountRegistration - Provided Confrmed Password 
15:37:04.947 [TestNG-tests-1] INFO  testCases.TC_001_AccountRegistration - Set Privacy Policy 
15:37:05.872 [TestNG-tests-1] INFO  testCases.TC_001_AccountRegistration - Clicked on Continue 
15:37:05.899 [TestNG-tests-1] INFO  testCases.TC_001_AccountRegistration - Account Registration Success 
15:37:05.900 [TestNG-tests-1] INFO  testCases.TC_001_AccountRegistration -  Finished TC_001_AccountRegistration 
16:45:59.072 [main] INFO  testCases.TC_001_AccountRegistration -  Starting TC_001_AccountRegistration 
16:45:59.927 [main] INFO  testCases.TC_001_AccountRegistration - Home Page Displayed 
16:46:05.842 [main] INFO  testCases.TC_001_AccountRegistration - Clicked on My Account 
16:46:06.329 [main] INFO  testCases.TC_001_AccountRegistration - Clicked on Register 
16:46:06.423 [main] INFO  testCases.TC_001_AccountRegistration - Provided First Name 
16:46:06.516 [main] INFO  testCases.TC_001_AccountRegistration - Provided Last Name 
16:46:06.596 [main] INFO  testCases.TC_001_AccountRegistration - Provided Email 
16:46:06.674 [main] INFO  testCases.TC_001_AccountRegistration - Provided Telephone 
16:46:06.752 [main] INFO  testCases.TC_001_AccountRegistration - Provided Password 
16:46:06.826 [main] INFO  testCases.TC_001_AccountRegistration - Provided Confrmed Password 
16:46:06.893 [main] INFO  testCases.TC_001_AccountRegistration - Set Privacy Policy 
16:46:07.749 [main] INFO  testCases.TC_001_AccountRegistration - Clicked on Continue 
16:46:07.789 [main] INFO  testCases.TC_001_AccountRegistration - Account Registration Success 
16:46:07.791 [main] INFO  testCases.TC_001_AccountRegistration -  Finished TC_001_AccountRegistration 
16:50:48.088 [main] INFO  testCases.TC_001_AccountRegistration -  Starting TC_001_AccountRegistration 
16:50:49.061 [main] INFO  testCases.TC_001_AccountRegistration - Home Page Displayed 
16:50:49.667 [main] INFO  testCases.TC_001_AccountRegistration - Clicked on My Account 
16:50:50.139 [main] INFO  testCases.TC_001_AccountRegistration - Clicked on Register 
16:50:50.215 [main] INFO  testCases.TC_001_AccountRegistration - Provided First Name 
16:50:50.293 [main] INFO  testCases.TC_001_AccountRegistration - Provided Last Name 
16:50:50.366 [main] INFO  testCases.TC_001_AccountRegistration - Provided Email 
16:50:50.427 [main] INFO  testCases.TC_001_AccountRegistration - Provided Telephone 
16:50:50.480 [main] INFO  testCases.TC_001_AccountRegistration - Provided Password 
16:50:50.540 [main] INFO  testCases.TC_001_AccountRegistration - Provided Confrmed Password 
16:50:50.589 [main] INFO  testCases.TC_001_AccountRegistration - Set Privacy Policy 
16:50:51.394 [main] INFO  testCases.TC_001_AccountRegistration - Clicked on Continue 
16:50:51.553 [main] ERROR testCases.TC_001_AccountRegistration - Account Registration Failed 
14:54:20.275 [main] INFO  testCases.TC_001_AccountRegistration -  Starting TC_001_AccountRegistration 
14:54:21.548 [main] INFO  testCases.TC_001_AccountRegistration - Home Page Displayed 
14:54:22.097 [main] INFO  testCases.TC_001_AccountRegistration - Clicked on My Account 
14:54:22.790 [main] INFO  testCases.TC_001_AccountRegistration - Clicked on Register 
14:54:22.872 [main] INFO  testCases.TC_001_AccountRegistration - Provided First Name 
14:54:22.947 [main] INFO  testCases.TC_001_AccountRegistration - Provided Last Name 
14:54:23.028 [main] INFO  testCases.TC_001_AccountRegistration - Provided Email 
14:54:23.093 [main] INFO  testCases.TC_001_AccountRegistration - Provided Telephone 
14:54:23.156 [main] INFO  testCases.TC_001_AccountRegistration - Provided Password 
14:54:23.214 [main] INFO  testCases.TC_001_AccountRegistration - Provided Confrmed Password 
14:54:23.264 [main] INFO  testCases.TC_001_AccountRegistration - Set Privacy Policy 
14:54:24.211 [main] INFO  testCases.TC_001_AccountRegistration - Clicked on Continue 
14:54:24.244 [main] INFO  testCases.TC_001_AccountRegistration - Account Registration Success 
14:54:24.245 [main] INFO  testCases.TC_001_AccountRegistration -  Finished TC_001_AccountRegistration 
14:54:26.382 [main] INFO  testCases.TC_002_Login -  Starting TC_002_Login 
14:54:27.907 [main] INFO  testCases.TC_002_Login - Home Page Displayed 
14:54:28.222 [main] INFO  testCases.TC_002_Login - Clicked on My Account 
14:54:28.703 [main] INFO  testCases.TC_002_Login - Clicked on Login 
14:54:28.784 [main] INFO  testCases.TC_002_Login - Provided Email 
14:54:28.857 [main] INFO  testCases.TC_002_Login - Provided Password 
14:54:29.497 [main] INFO  testCases.TC_002_Login - Clicked on Login
14:54:41.951 [main] ERROR testCases.TC_002_Login - Login Failed 
14:54:54.157 [main] FATAL testCases.TC_002_Login - Login Failed 
15:08:47.118 [main] INFO  testCases.TC_001_AccountRegistration -  Starting TC_001_AccountRegistration 
15:08:47.991 [main] INFO  testCases.TC_001_AccountRegistration - Home Page Displayed 
15:08:48.739 [main] INFO  testCases.TC_001_AccountRegistration - Clicked on My Account 
15:08:49.282 [main] INFO  testCases.TC_001_AccountRegistration - Clicked on Register 
15:08:49.367 [main] INFO  testCases.TC_001_AccountRegistration - Provided First Name 
15:08:49.443 [main] INFO  testCases.TC_001_AccountRegistration - Provided Last Name 
15:08:49.512 [main] INFO  testCases.TC_001_AccountRegistration - Provided Email 
15:08:49.582 [main] INFO  testCases.TC_001_AccountRegistration - Provided Telephone 
15:08:49.643 [main] INFO  testCases.TC_001_AccountRegistration - Provided Password 
15:08:49.705 [main] INFO  testCases.TC_001_AccountRegistration - Provided Confrmed Password 
15:08:49.755 [main] INFO  testCases.TC_001_AccountRegistration - Set Privacy Policy 
15:08:50.718 [main] INFO  testCases.TC_001_AccountRegistration - Clicked on Continue 
15:08:50.757 [main] INFO  testCases.TC_001_AccountRegistration - Account Registration Success 
15:08:50.759 [main] INFO  testCases.TC_001_AccountRegistration -  Finished TC_001_AccountRegistration 
15:08:52.804 [main] INFO  testCases.TC_002_Login -  Starting TC_002_Login 
15:08:53.574 [main] INFO  testCases.TC_002_Login - Home Page Displayed 
15:08:54.420 [main] INFO  testCases.TC_002_Login - Clicked on My Account 
15:08:54.889 [main] INFO  testCases.TC_002_Login - Clicked on Login 
15:08:54.976 [main] INFO  testCases.TC_002_Login - Provided Email 
15:08:55.056 [main] INFO  testCases.TC_002_Login - Provided Password 
15:08:56.022 [main] INFO  testCases.TC_002_Login - Clicked on Login
15:08:56.060 [main] INFO  testCases.TC_002_Login - Login Success 
15:08:56.060 [main] INFO  testCases.TC_002_Login -  Finished TC_002_Login 
20:01:10.425 [main] INFO  testCases.TC_003_LoginDDT -  Starting TC_003_LoginDDT 
20:01:11.681 [main] INFO  testCases.TC_003_LoginDDT - Home Page Displayed 
20:01:12.117 [main] INFO  testCases.TC_003_LoginDDT - Clicked on My Account 
20:01:12.602 [main] INFO  testCases.TC_003_LoginDDT - Clicked on Login 
20:01:12.694 [main] INFO  testCases.TC_003_LoginDDT - Provided Email 
20:01:12.760 [main] INFO  testCases.TC_003_LoginDDT - Provided Password 
20:01:13.934 [main] INFO  testCases.TC_003_LoginDDT - Clicked on Login
20:01:13.980 [main] INFO  testCases.TC_003_LoginDDT - Login Success 
20:01:14.790 [main] INFO  testCases.TC_003_LoginDDT -  Finished TC_003_LoginDDT 
20:01:14.803 [main] INFO  testCases.TC_003_LoginDDT -  Starting TC_003_LoginDDT 
20:01:15.256 [main] INFO  testCases.TC_003_LoginDDT - Home Page Displayed 
20:01:15.304 [main] INFO  testCases.TC_003_LoginDDT - Clicked on My Account 
20:01:15.746 [main] INFO  testCases.TC_003_LoginDDT - Clicked on Login 
20:01:15.817 [main] INFO  testCases.TC_003_LoginDDT - Provided Email 
20:01:15.864 [main] INFO  testCases.TC_003_LoginDDT - Provided Password 
20:01:16.487 [main] INFO  testCases.TC_003_LoginDDT - Clicked on Login
20:01:26.511 [main] ERROR testCases.TC_003_LoginDDT - Login Failed 
20:01:26.511 [main] INFO  testCases.TC_003_LoginDDT -  Finished TC_003_LoginDDT 
20:01:26.516 [main] INFO  testCases.TC_003_LoginDDT -  Starting TC_003_LoginDDT 
20:01:26.973 [main] INFO  testCases.TC_003_LoginDDT - Home Page Displayed 
20:01:27.034 [main] INFO  testCases.TC_003_LoginDDT - Clicked on My Account 
20:01:27.487 [main] INFO  testCases.TC_003_LoginDDT - Clicked on Login 
20:01:27.555 [main] INFO  testCases.TC_003_LoginDDT - Provided Email 
20:01:27.605 [main] INFO  testCases.TC_003_LoginDDT - Provided Password 
20:01:28.225 [main] INFO  testCases.TC_003_LoginDDT - Clicked on Login
20:01:38.242 [main] ERROR testCases.TC_003_LoginDDT - Login Failed 
20:01:38.242 [main] INFO  testCases.TC_003_LoginDDT -  Finished TC_003_LoginDDT 
20:01:38.245 [main] INFO  testCases.TC_003_LoginDDT -  Starting TC_003_LoginDDT 
20:01:38.738 [main] INFO  testCases.TC_003_LoginDDT - Home Page Displayed 
20:01:38.794 [main] INFO  testCases.TC_003_LoginDDT - Clicked on My Account 
20:01:39.259 [main] INFO  testCases.TC_003_LoginDDT - Clicked on Login 
20:01:39.334 [main] INFO  testCases.TC_003_LoginDDT - Provided Email 
20:01:39.384 [main] INFO  testCases.TC_003_LoginDDT - Provided Password 
20:01:40.007 [main] INFO  testCases.TC_003_LoginDDT - Clicked on Login
20:01:50.063 [main] ERROR testCases.TC_003_LoginDDT - Login Failed 
20:01:50.063 [main] INFO  testCases.TC_003_LoginDDT -  Finished TC_003_LoginDDT 
20:18:59.548 [main] INFO  testCases.TC_001_AccountRegistration -  Starting TC_001_AccountRegistration 
20:19:00.412 [main] INFO  testCases.TC_001_AccountRegistration - Home Page Displayed 
20:19:01.140 [main] INFO  testCases.TC_001_AccountRegistration - Clicked on My Account 
20:19:01.815 [main] INFO  testCases.TC_001_AccountRegistration - Clicked on Register 
20:19:01.885 [main] INFO  testCases.TC_001_AccountRegistration - Provided First Name 
20:19:01.949 [main] INFO  testCases.TC_001_AccountRegistration - Provided Last Name 
20:19:02.022 [main] INFO  testCases.TC_001_AccountRegistration - Provided Email 
20:19:02.084 [main] INFO  testCases.TC_001_AccountRegistration - Provided Telephone 
20:19:02.148 [main] INFO  testCases.TC_001_AccountRegistration - Provided Password 
20:19:02.204 [main] INFO  testCases.TC_001_AccountRegistration - Provided Confrmed Password 
20:19:02.252 [main] INFO  testCases.TC_001_AccountRegistration - Set Privacy Policy 
20:19:03.183 [main] INFO  testCases.TC_001_AccountRegistration - Clicked on Continue 
20:19:03.211 [main] INFO  testCases.TC_001_AccountRegistration - Account Registration Success 
20:19:03.212 [main] INFO  testCases.TC_001_AccountRegistration -  Finished TC_001_AccountRegistration 
20:19:05.160 [main] INFO  testCases.TC_002_Login -  Starting TC_002_Login 
20:19:06.218 [main] INFO  testCases.TC_002_Login - Home Page Displayed 
20:19:06.714 [main] INFO  testCases.TC_002_Login - Clicked on My Account 
20:19:07.200 [main] INFO  testCases.TC_002_Login - Clicked on Login 
20:19:07.280 [main] INFO  testCases.TC_002_Login - Provided Email 
20:19:07.343 [main] INFO  testCases.TC_002_Login - Provided Password 
20:19:08.297 [main] INFO  testCases.TC_002_Login - Clicked on Login
20:19:08.332 [main] INFO  testCases.TC_002_Login - Login Success 
20:19:08.332 [main] INFO  testCases.TC_002_Login -  Finished TC_002_Login 
12:25:13.978 [main] INFO  testCases.TC_001_AccountRegistration -  Starting TC_001_AccountRegistration 
12:25:15.151 [main] INFO  testCases.TC_001_AccountRegistration - Home Page Displayed 
12:25:15.767 [main] INFO  testCases.TC_001_AccountRegistration - Clicked on My Account 
12:25:17.025 [main] INFO  testCases.TC_001_AccountRegistration - Clicked on Register 
12:25:17.098 [main] INFO  testCases.TC_001_AccountRegistration - Provided First Name 
12:25:17.167 [main] INFO  testCases.TC_001_AccountRegistration - Provided Last Name 
12:25:17.237 [main] INFO  testCases.TC_001_AccountRegistration - Provided Email 
12:25:17.300 [main] INFO  testCases.TC_001_AccountRegistration - Provided Telephone 
12:25:17.364 [main] INFO  testCases.TC_001_AccountRegistration - Provided Password 
12:25:17.426 [main] INFO  testCases.TC_001_AccountRegistration - Provided Confrmed Password 
12:25:17.479 [main] INFO  testCases.TC_001_AccountRegistration - Set Privacy Policy 
12:25:18.458 [main] INFO  testCases.TC_001_AccountRegistration - Clicked on Continue 
12:25:18.634 [main] ERROR testCases.TC_001_AccountRegistration - Account Registration Failed 
12:25:20.730 [main] INFO  testCases.TC_002_Login -  Starting TC_002_Login 
12:25:21.565 [main] INFO  testCases.TC_002_Login - Home Page Displayed 
12:25:22.410 [main] INFO  testCases.TC_002_Login - Clicked on My Account 
12:25:22.912 [main] INFO  testCases.TC_002_Login - Clicked on Login 
12:25:23.002 [main] INFO  testCases.TC_002_Login - Provided Email 
12:25:23.082 [main] INFO  testCases.TC_002_Login - Provided Password 
12:25:24.115 [main] INFO  testCases.TC_002_Login - Clicked on Login
12:25:24.158 [main] INFO  testCases.TC_002_Login - Login Success 
12:25:24.158 [main] INFO  testCases.TC_002_Login -  Finished TC_002_Login 
12:25:27.456 [main] INFO  testCases.TC_003_LoginDDT -  Starting TC_003_LoginDDT 
12:25:28.237 [main] INFO  testCases.TC_003_LoginDDT - Home Page Displayed 
12:25:29.000 [main] INFO  testCases.TC_003_LoginDDT - Clicked on My Account 
12:25:29.454 [main] INFO  testCases.TC_003_LoginDDT - Clicked on Login 
12:25:29.526 [main] INFO  testCases.TC_003_LoginDDT - Provided Email 
12:25:29.585 [main] INFO  testCases.TC_003_LoginDDT - Provided Password 
12:25:30.717 [main] INFO  testCases.TC_003_LoginDDT - Clicked on Login
12:25:30.752 [main] INFO  testCases.TC_003_LoginDDT - Login Success 
12:25:31.599 [main] INFO  testCases.TC_003_LoginDDT -  Finished TC_003_LoginDDT 
12:25:31.602 [main] INFO  testCases.TC_003_LoginDDT -  Starting TC_003_LoginDDT 
12:25:32.108 [main] INFO  testCases.TC_003_LoginDDT - Home Page Displayed 
12:25:32.155 [main] INFO  testCases.TC_003_LoginDDT - Clicked on My Account 
12:25:32.621 [main] INFO  testCases.TC_003_LoginDDT - Clicked on Login 
12:25:32.686 [main] INFO  testCases.TC_003_LoginDDT - Provided Email 
12:25:32.734 [main] INFO  testCases.TC_003_LoginDDT - Provided Password 
12:25:33.360 [main] INFO  testCases.TC_003_LoginDDT - Clicked on Login
12:25:42.079 [main] ERROR testCases.TC_003_LoginDDT - Login Failed 
12:25:42.080 [main] INFO  testCases.TC_003_LoginDDT -  Finished TC_003_LoginDDT 
12:25:42.085 [main] INFO  testCases.TC_003_LoginDDT -  Starting TC_003_LoginDDT 
12:25:42.102 [main] FATAL testCases.TC_003_LoginDDT - Login Failed 
12:25:42.108 [main] INFO  testCases.TC_003_LoginDDT -  Starting TC_003_LoginDDT 
12:25:42.123 [main] FATAL testCases.TC_003_LoginDDT - Login Failed 
12:41:44.735 [main] INFO  testCases.TC_001_AccountRegistration -  Starting TC_001_AccountRegistration 
12:41:45.569 [main] INFO  testCases.TC_001_AccountRegistration - Home Page Displayed 
12:41:46.239 [main] INFO  testCases.TC_001_AccountRegistration - Clicked on My Account 
12:41:47.184 [main] INFO  testCases.TC_001_AccountRegistration - Clicked on Register 
12:41:47.250 [main] INFO  testCases.TC_001_AccountRegistration - Provided First Name 
12:41:47.314 [main] INFO  testCases.TC_001_AccountRegistration - Provided Last Name 
12:41:47.367 [main] INFO  testCases.TC_001_AccountRegistration - Provided Email 
12:41:47.414 [main] INFO  testCases.TC_001_AccountRegistration - Provided Telephone 
12:41:47.468 [main] INFO  testCases.TC_001_AccountRegistration - Provided Password 
12:41:47.515 [main] INFO  testCases.TC_001_AccountRegistration - Provided Confrmed Password 
12:41:47.555 [main] INFO  testCases.TC_001_AccountRegistration - Set Privacy Policy 
12:41:48.544 [main] INFO  testCases.TC_001_AccountRegistration - Clicked on Continue 
12:41:48.575 [main] INFO  testCases.TC_001_AccountRegistration - Account Registration Success 
12:41:48.576 [main] INFO  testCases.TC_001_AccountRegistration -  Finished TC_001_AccountRegistration 
12:41:50.536 [main] INFO  testCases.TC_002_Login -  Starting TC_002_Login 
12:41:51.402 [main] INFO  testCases.TC_002_Login - Home Page Displayed 
12:41:52.033 [main] INFO  testCases.TC_002_Login - Clicked on My Account 
12:41:52.523 [main] INFO  testCases.TC_002_Login - Clicked on Login 
12:41:52.614 [main] INFO  testCases.TC_002_Login - Provided Email 
12:41:52.685 [main] INFO  testCases.TC_002_Login - Provided Password 
12:41:53.655 [main] INFO  testCases.TC_002_Login - Clicked on Login
12:41:53.694 [main] INFO  testCases.TC_002_Login - Login Success 
12:41:53.694 [main] INFO  testCases.TC_002_Login -  Finished TC_002_Login 
13:51:16.482 [main] INFO  testCases.TC_001_AccountRegistration -  Starting TC_001_AccountRegistration 
13:51:17.284 [main] INFO  testCases.TC_001_AccountRegistration - Home Page Displayed 
13:51:17.940 [main] INFO  testCases.TC_001_AccountRegistration - Clicked on My Account 
13:51:18.912 [main] INFO  testCases.TC_001_AccountRegistration - Clicked on Register 
13:51:18.981 [main] INFO  testCases.TC_001_AccountRegistration - Provided First Name 
13:51:19.042 [main] INFO  testCases.TC_001_AccountRegistration - Provided Last Name 
